<?xml version="1.0" encoding="UTF-8"?>
<!-- Generated by org.testng.reporters.JUnitReportReporter -->
<testsuite skipped="0" hostname="Youngs-MacBook-Pro.local" name="main.java.cn.dbyl.tests.ODataTest" tests="2" failures="0" timestamp="26 Oct 2017 16:01:48 GMT" time="10.262" errors="0">
  <testcase name="getTest2" time="5.295" classname="main.java.cn.dbyl.tests.ODataTest"/>
  <testcase name="getTest1" time="4.967" classname="main.java.cn.dbyl.tests.ODataTest"/>
</testsuite> <!-- main.java.cn.dbyl.tests.ODataTest -->
