<?xml version="1.0" encoding="UTF-8"?>
<!-- Generated by org.testng.reporters.JUnitReportReporter -->
<testsuite skipped="0" hostname="Youngs-MacBook-Pro.local" name="main.java.cn.dbyl.tests.RestAssuredTest" tests="2" failures="0" timestamp="26 Oct 2017 15:16:39 GMT" time="3.162" errors="0">
  <testcase name="postTest" time="0.333" classname="main.java.cn.dbyl.tests.RestAssuredTest"/>
  <testcase name="getTest1" time="2.829" classname="main.java.cn.dbyl.tests.RestAssuredTest"/>
</testsuite> <!-- main.java.cn.dbyl.tests.RestAssuredTest -->
