<?xml version="1.0" encoding="UTF-8"?>
<!-- Generated by org.testng.reporters.JUnitReportReporter -->
<testsuite skipped="0" hostname="PVGN56581782A" name="main.java.cn.dbyl.tests.ODataTest" tests="2" failures="0" timestamp="27 Oct 2017 03:38:09 GMT" time="5.980" errors="0">
  <testcase name="getTest2" time="2.845" classname="main.java.cn.dbyl.tests.ODataTest"/>
  <testcase name="getTest1" time="3.135" classname="main.java.cn.dbyl.tests.ODataTest"/>
</testsuite> <!-- main.java.cn.dbyl.tests.ODataTest -->
