<?xml version="1.0" encoding="UTF-8"?>
<!-- Generated by org.testng.reporters.JUnitReportReporter -->
<testsuite skipped="0" hostname="Youngs-MacBook-Pro.local" name="main.java.cn.dbyl.tests.RestAssuredTest" tests="2" failures="0" timestamp="23 Oct 2017 15:52:47 GMT" time="4.586" errors="0">
  <testcase name="postTest" time="0.295" classname="main.java.cn.dbyl.tests.RestAssuredTest"/>
  <testcase name="getTest1" time="4.291" classname="main.java.cn.dbyl.tests.RestAssuredTest"/>
</testsuite> <!-- main.java.cn.dbyl.tests.RestAssuredTest -->
