<?xml version="1.0" encoding="UTF-8"?>
<!-- Generated by org.testng.reporters.JUnitReportReporter -->
<testsuite skipped="0" hostname="Youngs-MacBook-Pro.local" name="main.java.cn.dbyl.tests.RestAssuredTest" tests="2" failures="0" timestamp="19 Oct 2017 14:03:19 GMT" time="2.316" errors="0">
  <testcase name="getTest1" time="2.182" classname="main.java.cn.dbyl.tests.RestAssuredTest"/>
  <testcase name="postTest" time="0.134" classname="main.java.cn.dbyl.tests.RestAssuredTest"/>
</testsuite> <!-- main.java.cn.dbyl.tests.RestAssuredTest -->
